mode: set
github.com/go-park-mail-ru/2021_1_kekEnd/internal/users/delivery/http/handler.go:24.97,30.2 1 1
github.com/go-park-mail-ru/2021_1_kekEnd/internal/users/delivery/http/handler.go:45.48,49.16 3 1
github.com/go-park-mail-ru/2021_1_kekEnd/internal/users/delivery/http/handler.go:56.2,56.86 1 1
github.com/go-park-mail-ru/2021_1_kekEnd/internal/users/delivery/http/handler.go:63.2,73.16 3 1
github.com/go-park-mail-ru/2021_1_kekEnd/internal/users/delivery/http/handler.go:79.2,80.16 2 1
github.com/go-park-mail-ru/2021_1_kekEnd/internal/users/delivery/http/handler.go:86.2,98.32 3 1
github.com/go-park-mail-ru/2021_1_kekEnd/internal/users/delivery/http/handler.go:49.16,54.3 4 0
github.com/go-park-mail-ru/2021_1_kekEnd/internal/users/delivery/http/handler.go:56.86,61.3 4 0
github.com/go-park-mail-ru/2021_1_kekEnd/internal/users/delivery/http/handler.go:73.16,77.3 3 0
github.com/go-park-mail-ru/2021_1_kekEnd/internal/users/delivery/http/handler.go:80.16,84.3 3 0
github.com/go-park-mail-ru/2021_1_kekEnd/internal/users/delivery/http/handler.go:101.44,103.16 2 0
github.com/go-park-mail-ru/2021_1_kekEnd/internal/users/delivery/http/handler.go:109.2,110.16 2 0
github.com/go-park-mail-ru/2021_1_kekEnd/internal/users/delivery/http/handler.go:116.2,118.27 2 0
github.com/go-park-mail-ru/2021_1_kekEnd/internal/users/delivery/http/handler.go:103.16,107.3 3 0
github.com/go-park-mail-ru/2021_1_kekEnd/internal/users/delivery/http/handler.go:110.16,114.3 3 0
github.com/go-park-mail-ru/2021_1_kekEnd/internal/users/delivery/http/handler.go:126.43,130.16 3 0
github.com/go-park-mail-ru/2021_1_kekEnd/internal/users/delivery/http/handler.go:137.2,138.18 2 0
github.com/go-park-mail-ru/2021_1_kekEnd/internal/users/delivery/http/handler.go:145.2,146.16 2 0
github.com/go-park-mail-ru/2021_1_kekEnd/internal/users/delivery/http/handler.go:152.2,163.27 3 0
github.com/go-park-mail-ru/2021_1_kekEnd/internal/users/delivery/http/handler.go:130.16,135.3 4 0
github.com/go-park-mail-ru/2021_1_kekEnd/internal/users/delivery/http/handler.go:138.18,143.3 4 0
github.com/go-park-mail-ru/2021_1_kekEnd/internal/users/delivery/http/handler.go:146.16,150.3 3 0
github.com/go-park-mail-ru/2021_1_kekEnd/internal/users/delivery/http/handler.go:166.45,168.9 2 1
github.com/go-park-mail-ru/2021_1_kekEnd/internal/users/delivery/http/handler.go:175.2,176.9 2 1
github.com/go-park-mail-ru/2021_1_kekEnd/internal/users/delivery/http/handler.go:183.2,184.41 2 1
github.com/go-park-mail-ru/2021_1_kekEnd/internal/users/delivery/http/handler.go:168.9,173.3 4 0
github.com/go-park-mail-ru/2021_1_kekEnd/internal/users/delivery/http/handler.go:176.9,181.3 4 0
github.com/go-park-mail-ru/2021_1_kekEnd/internal/users/delivery/http/handler.go:187.48,190.16 3 1
github.com/go-park-mail-ru/2021_1_kekEnd/internal/users/delivery/http/handler.go:197.2,198.9 2 1
github.com/go-park-mail-ru/2021_1_kekEnd/internal/users/delivery/http/handler.go:205.2,206.9 2 1
github.com/go-park-mail-ru/2021_1_kekEnd/internal/users/delivery/http/handler.go:213.2,216.16 4 1
github.com/go-park-mail-ru/2021_1_kekEnd/internal/users/delivery/http/handler.go:222.2,223.41 2 1
github.com/go-park-mail-ru/2021_1_kekEnd/internal/users/delivery/http/handler.go:190.16,195.3 4 0
github.com/go-park-mail-ru/2021_1_kekEnd/internal/users/delivery/http/handler.go:198.9,203.3 4 0
github.com/go-park-mail-ru/2021_1_kekEnd/internal/users/delivery/http/handler.go:206.9,211.3 4 0
github.com/go-park-mail-ru/2021_1_kekEnd/internal/users/delivery/http/handler.go:216.16,220.3 3 0
github.com/go-park-mail-ru/2021_1_kekEnd/internal/users/delivery/http/handler.go:226.50,228.16 2 0
github.com/go-park-mail-ru/2021_1_kekEnd/internal/users/delivery/http/handler.go:235.2,241.16 4 0
github.com/go-park-mail-ru/2021_1_kekEnd/internal/users/delivery/http/handler.go:247.2,248.9 2 0
github.com/go-park-mail-ru/2021_1_kekEnd/internal/users/delivery/http/handler.go:255.2,256.9 2 0
github.com/go-park-mail-ru/2021_1_kekEnd/internal/users/delivery/http/handler.go:263.2,270.16 3 0
github.com/go-park-mail-ru/2021_1_kekEnd/internal/users/delivery/http/handler.go:276.2,277.41 2 0
github.com/go-park-mail-ru/2021_1_kekEnd/internal/users/delivery/http/handler.go:228.16,233.3 4 0
github.com/go-park-mail-ru/2021_1_kekEnd/internal/users/delivery/http/handler.go:241.16,245.3 3 0
github.com/go-park-mail-ru/2021_1_kekEnd/internal/users/delivery/http/handler.go:248.9,253.3 4 0
github.com/go-park-mail-ru/2021_1_kekEnd/internal/users/delivery/http/handler.go:256.9,261.3 4 0
github.com/go-park-mail-ru/2021_1_kekEnd/internal/users/delivery/http/handler.go:270.16,274.3 3 0
github.com/go-park-mail-ru/2021_1_kekEnd/internal/users/delivery/http/handler.go:280.47,282.9 2 1
github.com/go-park-mail-ru/2021_1_kekEnd/internal/users/delivery/http/handler.go:289.2,290.9 2 1
github.com/go-park-mail-ru/2021_1_kekEnd/internal/users/delivery/http/handler.go:297.2,299.16 3 1
github.com/go-park-mail-ru/2021_1_kekEnd/internal/users/delivery/http/handler.go:305.2,306.16 2 1
github.com/go-park-mail-ru/2021_1_kekEnd/internal/users/delivery/http/handler.go:312.2,312.27 1 1
github.com/go-park-mail-ru/2021_1_kekEnd/internal/users/delivery/http/handler.go:282.9,287.3 4 0
github.com/go-park-mail-ru/2021_1_kekEnd/internal/users/delivery/http/handler.go:290.9,295.3 4 0
github.com/go-park-mail-ru/2021_1_kekEnd/internal/users/delivery/http/handler.go:299.16,303.3 3 0
github.com/go-park-mail-ru/2021_1_kekEnd/internal/users/delivery/http/handler.go:306.16,310.3 3 1
github.com/go-park-mail-ru/2021_1_kekEnd/internal/users/delivery/http/handler.go:315.49,317.9 2 1
github.com/go-park-mail-ru/2021_1_kekEnd/internal/users/delivery/http/handler.go:324.2,325.9 2 1
github.com/go-park-mail-ru/2021_1_kekEnd/internal/users/delivery/http/handler.go:332.2,334.16 3 1
github.com/go-park-mail-ru/2021_1_kekEnd/internal/users/delivery/http/handler.go:340.2,341.16 2 1
github.com/go-park-mail-ru/2021_1_kekEnd/internal/users/delivery/http/handler.go:347.2,347.27 1 1
github.com/go-park-mail-ru/2021_1_kekEnd/internal/users/delivery/http/handler.go:317.9,322.3 4 0
github.com/go-park-mail-ru/2021_1_kekEnd/internal/users/delivery/http/handler.go:325.9,330.3 4 0
github.com/go-park-mail-ru/2021_1_kekEnd/internal/users/delivery/http/handler.go:334.16,338.3 3 0
github.com/go-park-mail-ru/2021_1_kekEnd/internal/users/delivery/http/handler.go:341.16,345.3 3 1
github.com/go-park-mail-ru/2021_1_kekEnd/internal/users/delivery/http/handler.go:350.52,352.28 2 0
github.com/go-park-mail-ru/2021_1_kekEnd/internal/users/delivery/http/handler.go:365.2,366.9 2 0
github.com/go-park-mail-ru/2021_1_kekEnd/internal/users/delivery/http/handler.go:373.2,374.9 2 0
github.com/go-park-mail-ru/2021_1_kekEnd/internal/users/delivery/http/handler.go:381.2,383.16 2 0
github.com/go-park-mail-ru/2021_1_kekEnd/internal/users/delivery/http/handler.go:389.2,396.39 2 0
github.com/go-park-mail-ru/2021_1_kekEnd/internal/users/delivery/http/handler.go:352.28,354.17 2 0
github.com/go-park-mail-ru/2021_1_kekEnd/internal/users/delivery/http/handler.go:360.3,362.9 3 0
github.com/go-park-mail-ru/2021_1_kekEnd/internal/users/delivery/http/handler.go:354.17,356.4 1 0
github.com/go-park-mail-ru/2021_1_kekEnd/internal/users/delivery/http/handler.go:356.9,358.4 1 0
github.com/go-park-mail-ru/2021_1_kekEnd/internal/users/delivery/http/handler.go:366.9,371.3 4 0
github.com/go-park-mail-ru/2021_1_kekEnd/internal/users/delivery/http/handler.go:374.9,379.3 4 0
github.com/go-park-mail-ru/2021_1_kekEnd/internal/users/delivery/http/handler.go:383.16,387.3 3 0
github.com/go-park-mail-ru/2021_1_kekEnd/internal/users/delivery/http/handler.go:399.54,401.28 2 0
github.com/go-park-mail-ru/2021_1_kekEnd/internal/users/delivery/http/handler.go:414.2,415.9 2 0
github.com/go-park-mail-ru/2021_1_kekEnd/internal/users/delivery/http/handler.go:422.2,423.9 2 0
github.com/go-park-mail-ru/2021_1_kekEnd/internal/users/delivery/http/handler.go:430.2,432.16 2 0
github.com/go-park-mail-ru/2021_1_kekEnd/internal/users/delivery/http/handler.go:438.2,445.39 2 0
github.com/go-park-mail-ru/2021_1_kekEnd/internal/users/delivery/http/handler.go:401.28,403.17 2 0
github.com/go-park-mail-ru/2021_1_kekEnd/internal/users/delivery/http/handler.go:409.3,411.9 3 0
github.com/go-park-mail-ru/2021_1_kekEnd/internal/users/delivery/http/handler.go:403.17,405.4 1 0
github.com/go-park-mail-ru/2021_1_kekEnd/internal/users/delivery/http/handler.go:405.9,407.4 1 0
github.com/go-park-mail-ru/2021_1_kekEnd/internal/users/delivery/http/handler.go:415.9,420.3 4 0
github.com/go-park-mail-ru/2021_1_kekEnd/internal/users/delivery/http/handler.go:423.9,428.3 4 0
github.com/go-park-mail-ru/2021_1_kekEnd/internal/users/delivery/http/handler.go:432.16,436.3 3 0
github.com/go-park-mail-ru/2021_1_kekEnd/internal/users/delivery/http/register.go:12.54,26.2 11 1
