mode: set
github.com/go-park-mail-ru/2021_1_kekEnd/internal/users/repository/dbstorage/user.go:25.57,27.16 2 1
github.com/go-park-mail-ru/2021_1_kekEnd/internal/users/repository/dbstorage/user.go:31.2,31.41 1 1
github.com/go-park-mail-ru/2021_1_kekEnd/internal/users/repository/dbstorage/user.go:27.16,29.3 1 0
github.com/go-park-mail-ru/2021_1_kekEnd/internal/users/repository/dbstorage/user.go:38.63,42.2 1 1
github.com/go-park-mail-ru/2021_1_kekEnd/internal/users/repository/dbstorage/user.go:44.68,46.16 2 1
github.com/go-park-mail-ru/2021_1_kekEnd/internal/users/repository/dbstorage/user.go:49.2,59.18 4 1
github.com/go-park-mail-ru/2021_1_kekEnd/internal/users/repository/dbstorage/user.go:63.2,63.12 1 0
github.com/go-park-mail-ru/2021_1_kekEnd/internal/users/repository/dbstorage/user.go:46.16,48.3 1 0
github.com/go-park-mail-ru/2021_1_kekEnd/internal/users/repository/dbstorage/user.go:59.18,61.3 1 1
github.com/go-park-mail-ru/2021_1_kekEnd/internal/users/repository/dbstorage/user.go:66.72,78.30 4 1
github.com/go-park-mail-ru/2021_1_kekEnd/internal/users/repository/dbstorage/user.go:82.2,82.12 1 1
github.com/go-park-mail-ru/2021_1_kekEnd/internal/users/repository/dbstorage/user.go:78.30,80.3 1 0
github.com/go-park-mail-ru/2021_1_kekEnd/internal/users/repository/dbstorage/user.go:85.89,100.16 4 1
github.com/go-park-mail-ru/2021_1_kekEnd/internal/users/repository/dbstorage/user.go:104.2,104.19 1 0
github.com/go-park-mail-ru/2021_1_kekEnd/internal/users/repository/dbstorage/user.go:100.16,102.3 1 1
github.com/go-park-mail-ru/2021_1_kekEnd/internal/users/repository/dbstorage/user.go:107.96,109.2 1 0
github.com/go-park-mail-ru/2021_1_kekEnd/internal/users/repository/dbstorage/user.go:111.104,112.38 1 1
github.com/go-park-mail-ru/2021_1_kekEnd/internal/users/repository/dbstorage/user.go:116.2,116.27 1 1
github.com/go-park-mail-ru/2021_1_kekEnd/internal/users/repository/dbstorage/user.go:125.2,125.24 1 1
github.com/go-park-mail-ru/2021_1_kekEnd/internal/users/repository/dbstorage/user.go:129.2,129.25 1 1
github.com/go-park-mail-ru/2021_1_kekEnd/internal/users/repository/dbstorage/user.go:133.2,133.33 1 1
github.com/go-park-mail-ru/2021_1_kekEnd/internal/users/repository/dbstorage/user.go:137.2,150.16 3 1
github.com/go-park-mail-ru/2021_1_kekEnd/internal/users/repository/dbstorage/user.go:154.2,154.18 1 0
github.com/go-park-mail-ru/2021_1_kekEnd/internal/users/repository/dbstorage/user.go:112.38,114.3 1 0
github.com/go-park-mail-ru/2021_1_kekEnd/internal/users/repository/dbstorage/user.go:116.27,118.17 2 1
github.com/go-park-mail-ru/2021_1_kekEnd/internal/users/repository/dbstorage/user.go:122.3,122.30 1 1
github.com/go-park-mail-ru/2021_1_kekEnd/internal/users/repository/dbstorage/user.go:118.17,120.4 1 0
github.com/go-park-mail-ru/2021_1_kekEnd/internal/users/repository/dbstorage/user.go:125.24,127.3 1 1
github.com/go-park-mail-ru/2021_1_kekEnd/internal/users/repository/dbstorage/user.go:129.25,131.3 1 1
github.com/go-park-mail-ru/2021_1_kekEnd/internal/users/repository/dbstorage/user.go:133.33,135.3 1 1
github.com/go-park-mail-ru/2021_1_kekEnd/internal/users/repository/dbstorage/user.go:150.16,152.3 1 1
github.com/go-park-mail-ru/2021_1_kekEnd/internal/users/repository/dbstorage/user.go:157.96,169.30 4 1
github.com/go-park-mail-ru/2021_1_kekEnd/internal/users/repository/dbstorage/user.go:173.2,173.18 1 0
github.com/go-park-mail-ru/2021_1_kekEnd/internal/users/repository/dbstorage/user.go:169.30,171.3 1 1
github.com/go-park-mail-ru/2021_1_kekEnd/internal/users/repository/dbstorage/user.go:176.80,185.2 3 1
github.com/go-park-mail-ru/2021_1_kekEnd/internal/users/repository/dbstorage/user.go:187.82,196.2 3 1
github.com/go-park-mail-ru/2021_1_kekEnd/internal/users/repository/dbstorage/user.go:198.107,209.16 4 1
github.com/go-park-mail-ru/2021_1_kekEnd/internal/users/repository/dbstorage/user.go:213.2,213.18 1 0
github.com/go-park-mail-ru/2021_1_kekEnd/internal/users/repository/dbstorage/user.go:234.2,234.19 1 0
github.com/go-park-mail-ru/2021_1_kekEnd/internal/users/repository/dbstorage/user.go:209.16,211.3 1 1
github.com/go-park-mail-ru/2021_1_kekEnd/internal/users/repository/dbstorage/user.go:213.18,220.17 6 0
github.com/go-park-mail-ru/2021_1_kekEnd/internal/users/repository/dbstorage/user.go:223.3,226.17 3 0
github.com/go-park-mail-ru/2021_1_kekEnd/internal/users/repository/dbstorage/user.go:229.3,231.30 2 0
github.com/go-park-mail-ru/2021_1_kekEnd/internal/users/repository/dbstorage/user.go:220.17,222.4 1 0
github.com/go-park-mail-ru/2021_1_kekEnd/internal/users/repository/dbstorage/user.go:226.17,228.4 1 0
github.com/go-park-mail-ru/2021_1_kekEnd/internal/users/repository/dbstorage/user.go:237.115,249.16 4 1
github.com/go-park-mail-ru/2021_1_kekEnd/internal/users/repository/dbstorage/user.go:252.2,254.18 2 0
github.com/go-park-mail-ru/2021_1_kekEnd/internal/users/repository/dbstorage/user.go:264.2,271.16 4 0
github.com/go-park-mail-ru/2021_1_kekEnd/internal/users/repository/dbstorage/user.go:275.2,277.16 2 0
github.com/go-park-mail-ru/2021_1_kekEnd/internal/users/repository/dbstorage/user.go:281.2,283.32 2 0
github.com/go-park-mail-ru/2021_1_kekEnd/internal/users/repository/dbstorage/user.go:249.16,251.3 1 1
github.com/go-park-mail-ru/2021_1_kekEnd/internal/users/repository/dbstorage/user.go:254.18,257.17 3 0
github.com/go-park-mail-ru/2021_1_kekEnd/internal/users/repository/dbstorage/user.go:261.3,261.27 1 0
github.com/go-park-mail-ru/2021_1_kekEnd/internal/users/repository/dbstorage/user.go:257.17,259.4 1 0
github.com/go-park-mail-ru/2021_1_kekEnd/internal/users/repository/dbstorage/user.go:271.16,273.3 1 0
github.com/go-park-mail-ru/2021_1_kekEnd/internal/users/repository/dbstorage/user.go:277.16,279.3 1 0
github.com/go-park-mail-ru/2021_1_kekEnd/internal/users/repository/dbstorage/user.go:286.117,298.16 4 1
github.com/go-park-mail-ru/2021_1_kekEnd/internal/users/repository/dbstorage/user.go:301.2,303.18 2 0
github.com/go-park-mail-ru/2021_1_kekEnd/internal/users/repository/dbstorage/user.go:313.2,320.16 4 0
github.com/go-park-mail-ru/2021_1_kekEnd/internal/users/repository/dbstorage/user.go:324.2,325.16 2 0
github.com/go-park-mail-ru/2021_1_kekEnd/internal/users/repository/dbstorage/user.go:329.2,331.32 2 0
github.com/go-park-mail-ru/2021_1_kekEnd/internal/users/repository/dbstorage/user.go:298.16,300.3 1 1
github.com/go-park-mail-ru/2021_1_kekEnd/internal/users/repository/dbstorage/user.go:303.18,306.17 3 0
github.com/go-park-mail-ru/2021_1_kekEnd/internal/users/repository/dbstorage/user.go:310.3,310.27 1 0
github.com/go-park-mail-ru/2021_1_kekEnd/internal/users/repository/dbstorage/user.go:306.17,308.4 1 0
github.com/go-park-mail-ru/2021_1_kekEnd/internal/users/repository/dbstorage/user.go:320.16,322.3 1 0
github.com/go-park-mail-ru/2021_1_kekEnd/internal/users/repository/dbstorage/user.go:325.16,327.3 1 0
