mode: set
github.com/go-park-mail-ru/2021_1_kekEnd/internal/movies/delivery/http/register.go:8.73,13.2 3 0
github.com/go-park-mail-ru/2021_1_kekEnd/internal/sessions/usecase/usecase.go:13.34,15.2 1 0
github.com/go-park-mail-ru/2021_1_kekEnd/internal/sessions/usecase/usecase.go:17.52,21.2 1 0
github.com/go-park-mail-ru/2021_1_kekEnd/internal/sessions/usecase/usecase.go:23.81,29.2 4 0
github.com/go-park-mail-ru/2021_1_kekEnd/internal/sessions/usecase/usecase.go:31.60,34.2 2 0
github.com/go-park-mail-ru/2021_1_kekEnd/internal/sessions/usecase/usecase.go:36.51,39.2 2 0
github.com/go-park-mail-ru/2021_1_kekEnd/internal/users/delivery/http/handler.go:22.77,27.2 1 0
github.com/go-park-mail-ru/2021_1_kekEnd/internal/users/delivery/http/handler.go:35.48,39.16 3 0
github.com/go-park-mail-ru/2021_1_kekEnd/internal/users/delivery/http/handler.go:44.2,44.86 1 0
github.com/go-park-mail-ru/2021_1_kekEnd/internal/users/delivery/http/handler.go:49.2,61.16 4 0
github.com/go-park-mail-ru/2021_1_kekEnd/internal/users/delivery/http/handler.go:67.2,69.16 3 0
github.com/go-park-mail-ru/2021_1_kekEnd/internal/users/delivery/http/handler.go:74.2,84.32 2 0
github.com/go-park-mail-ru/2021_1_kekEnd/internal/users/delivery/http/handler.go:39.16,42.3 2 0
github.com/go-park-mail-ru/2021_1_kekEnd/internal/users/delivery/http/handler.go:44.86,47.3 2 0
github.com/go-park-mail-ru/2021_1_kekEnd/internal/users/delivery/http/handler.go:61.16,64.3 2 0
github.com/go-park-mail-ru/2021_1_kekEnd/internal/users/delivery/http/handler.go:69.16,72.3 2 0
github.com/go-park-mail-ru/2021_1_kekEnd/internal/users/delivery/http/handler.go:92.44,94.16 2 0
github.com/go-park-mail-ru/2021_1_kekEnd/internal/users/delivery/http/handler.go:99.2,100.16 2 0
github.com/go-park-mail-ru/2021_1_kekEnd/internal/users/delivery/http/handler.go:105.2,107.27 2 0
github.com/go-park-mail-ru/2021_1_kekEnd/internal/users/delivery/http/handler.go:94.16,97.3 2 0
github.com/go-park-mail-ru/2021_1_kekEnd/internal/users/delivery/http/handler.go:100.16,103.3 2 0
github.com/go-park-mail-ru/2021_1_kekEnd/internal/users/delivery/http/handler.go:110.43,114.16 3 0
github.com/go-park-mail-ru/2021_1_kekEnd/internal/users/delivery/http/handler.go:119.2,120.18 2 0
github.com/go-park-mail-ru/2021_1_kekEnd/internal/users/delivery/http/handler.go:126.2,128.16 3 0
github.com/go-park-mail-ru/2021_1_kekEnd/internal/users/delivery/http/handler.go:133.2,143.27 2 0
github.com/go-park-mail-ru/2021_1_kekEnd/internal/users/delivery/http/handler.go:114.16,117.3 2 0
github.com/go-park-mail-ru/2021_1_kekEnd/internal/users/delivery/http/handler.go:120.18,123.3 2 0
github.com/go-park-mail-ru/2021_1_kekEnd/internal/users/delivery/http/handler.go:128.16,131.3 2 0
github.com/go-park-mail-ru/2021_1_kekEnd/internal/users/delivery/http/handler.go:146.45,148.9 2 0
github.com/go-park-mail-ru/2021_1_kekEnd/internal/users/delivery/http/handler.go:153.2,154.9 2 0
github.com/go-park-mail-ru/2021_1_kekEnd/internal/users/delivery/http/handler.go:159.2,160.41 2 0
github.com/go-park-mail-ru/2021_1_kekEnd/internal/users/delivery/http/handler.go:148.9,151.3 2 0
github.com/go-park-mail-ru/2021_1_kekEnd/internal/users/delivery/http/handler.go:154.9,157.3 2 0
github.com/go-park-mail-ru/2021_1_kekEnd/internal/users/delivery/http/handler.go:163.48,166.16 3 0
github.com/go-park-mail-ru/2021_1_kekEnd/internal/users/delivery/http/handler.go:171.2,172.9 2 0
github.com/go-park-mail-ru/2021_1_kekEnd/internal/users/delivery/http/handler.go:177.2,178.9 2 0
github.com/go-park-mail-ru/2021_1_kekEnd/internal/users/delivery/http/handler.go:183.2,184.16 2 0
github.com/go-park-mail-ru/2021_1_kekEnd/internal/users/delivery/http/handler.go:189.2,190.41 2 0
github.com/go-park-mail-ru/2021_1_kekEnd/internal/users/delivery/http/handler.go:166.16,169.3 2 0
github.com/go-park-mail-ru/2021_1_kekEnd/internal/users/delivery/http/handler.go:172.9,175.3 2 0
github.com/go-park-mail-ru/2021_1_kekEnd/internal/users/delivery/http/handler.go:178.9,181.3 2 0
github.com/go-park-mail-ru/2021_1_kekEnd/internal/users/delivery/http/handler.go:184.16,187.3 2 0
github.com/go-park-mail-ru/2021_1_kekEnd/internal/users/delivery/http/handler.go:193.50,195.16 2 0
github.com/go-park-mail-ru/2021_1_kekEnd/internal/users/delivery/http/handler.go:200.2,204.16 4 0
github.com/go-park-mail-ru/2021_1_kekEnd/internal/users/delivery/http/handler.go:210.2,211.9 2 0
github.com/go-park-mail-ru/2021_1_kekEnd/internal/users/delivery/http/handler.go:216.2,229.16 5 0
github.com/go-park-mail-ru/2021_1_kekEnd/internal/users/delivery/http/handler.go:234.2,234.27 1 0
github.com/go-park-mail-ru/2021_1_kekEnd/internal/users/delivery/http/handler.go:195.16,198.3 2 0
github.com/go-park-mail-ru/2021_1_kekEnd/internal/users/delivery/http/handler.go:204.16,207.3 2 0
github.com/go-park-mail-ru/2021_1_kekEnd/internal/users/delivery/http/handler.go:211.9,214.3 2 0
github.com/go-park-mail-ru/2021_1_kekEnd/internal/users/delivery/http/handler.go:229.16,232.3 2 0
github.com/go-park-mail-ru/2021_1_kekEnd/internal/users/delivery/http/register.go:11.34,20.2 7 0
github.com/go-park-mail-ru/2021_1_kekEnd/internal/users/repository/localstorage/user.go:10.57,12.16 2 0
github.com/go-park-mail-ru/2021_1_kekEnd/internal/users/repository/localstorage/user.go:15.2,15.41 1 0
github.com/go-park-mail-ru/2021_1_kekEnd/internal/users/repository/localstorage/user.go:12.16,14.3 1 0
github.com/go-park-mail-ru/2021_1_kekEnd/internal/users/repository/localstorage/user.go:23.46,38.2 2 0
github.com/go-park-mail-ru/2021_1_kekEnd/internal/users/repository/localstorage/user.go:40.70,45.16 4 0
github.com/go-park-mail-ru/2021_1_kekEnd/internal/users/repository/localstorage/user.go:48.2,51.12 3 0
github.com/go-park-mail-ru/2021_1_kekEnd/internal/users/repository/localstorage/user.go:45.16,47.3 1 0
github.com/go-park-mail-ru/2021_1_kekEnd/internal/users/repository/localstorage/user.go:54.91,56.13 2 0
github.com/go-park-mail-ru/2021_1_kekEnd/internal/users/repository/localstorage/user.go:59.2,59.18 1 0
github.com/go-park-mail-ru/2021_1_kekEnd/internal/users/repository/localstorage/user.go:56.13,58.3 1 0
github.com/go-park-mail-ru/2021_1_kekEnd/internal/users/repository/localstorage/user.go:62.98,64.2 1 0
github.com/go-park-mail-ru/2021_1_kekEnd/internal/users/repository/localstorage/user.go:66.106,70.27 3 0
github.com/go-park-mail-ru/2021_1_kekEnd/internal/users/repository/localstorage/user.go:79.2,79.24 1 0
github.com/go-park-mail-ru/2021_1_kekEnd/internal/users/repository/localstorage/user.go:83.2,83.29 1 0
github.com/go-park-mail-ru/2021_1_kekEnd/internal/users/repository/localstorage/user.go:87.2,88.12 2 0
github.com/go-park-mail-ru/2021_1_kekEnd/internal/users/repository/localstorage/user.go:92.2,92.42 1 0
github.com/go-park-mail-ru/2021_1_kekEnd/internal/users/repository/localstorage/user.go:70.27,72.17 2 0
github.com/go-park-mail-ru/2021_1_kekEnd/internal/users/repository/localstorage/user.go:76.3,76.30 1 0
github.com/go-park-mail-ru/2021_1_kekEnd/internal/users/repository/localstorage/user.go:72.17,74.4 1 0
github.com/go-park-mail-ru/2021_1_kekEnd/internal/users/repository/localstorage/user.go:79.24,81.3 1 0
github.com/go-park-mail-ru/2021_1_kekEnd/internal/users/repository/localstorage/user.go:83.29,85.3 1 0
github.com/go-park-mail-ru/2021_1_kekEnd/internal/users/repository/localstorage/user.go:88.12,91.3 2 0
github.com/go-park-mail-ru/2021_1_kekEnd/internal/models/user.go:22.41,30.2 1 0
github.com/go-park-mail-ru/2021_1_kekEnd/internal/middleware/auth.go:12.72,14.2 1 0
github.com/go-park-mail-ru/2021_1_kekEnd/internal/middleware/auth.go:25.91,30.2 1 0
github.com/go-park-mail-ru/2021_1_kekEnd/internal/middleware/auth.go:32.54,33.32 1 0
github.com/go-park-mail-ru/2021_1_kekEnd/internal/middleware/auth.go:33.32,35.17 2 0
github.com/go-park-mail-ru/2021_1_kekEnd/internal/middleware/auth.go:40.3,41.17 2 0
github.com/go-park-mail-ru/2021_1_kekEnd/internal/middleware/auth.go:46.3,47.17 2 0
github.com/go-park-mail-ru/2021_1_kekEnd/internal/middleware/auth.go:52.3,53.13 2 0
github.com/go-park-mail-ru/2021_1_kekEnd/internal/middleware/auth.go:35.17,38.4 2 0
github.com/go-park-mail-ru/2021_1_kekEnd/internal/middleware/auth.go:41.17,44.4 2 0
github.com/go-park-mail-ru/2021_1_kekEnd/internal/middleware/auth.go:47.17,50.4 2 0
github.com/go-park-mail-ru/2021_1_kekEnd/internal/movies/delivery/http/handler.go:14.50,18.2 1 0
github.com/go-park-mail-ru/2021_1_kekEnd/internal/movies/delivery/http/handler.go:20.49,23.16 3 0
github.com/go-park-mail-ru/2021_1_kekEnd/internal/movies/delivery/http/handler.go:27.2,28.16 2 0
github.com/go-park-mail-ru/2021_1_kekEnd/internal/movies/delivery/http/handler.go:32.2,32.32 1 0
github.com/go-park-mail-ru/2021_1_kekEnd/internal/movies/delivery/http/handler.go:23.16,25.3 1 0
github.com/go-park-mail-ru/2021_1_kekEnd/internal/movies/delivery/http/handler.go:28.16,30.3 1 0
github.com/go-park-mail-ru/2021_1_kekEnd/internal/movies/delivery/http/handler.go:35.46,37.16 2 0
github.com/go-park-mail-ru/2021_1_kekEnd/internal/movies/delivery/http/handler.go:41.2,41.32 1 0
github.com/go-park-mail-ru/2021_1_kekEnd/internal/movies/delivery/http/handler.go:37.16,39.3 1 0
github.com/go-park-mail-ru/2021_1_kekEnd/internal/users/repository/mock/user.go:12.73,15.2 2 0
github.com/go-park-mail-ru/2021_1_kekEnd/internal/users/repository/mock/user.go:17.94,19.24 2 0
github.com/go-park-mail-ru/2021_1_kekEnd/internal/users/repository/mock/user.go:22.2,22.50 1 0
github.com/go-park-mail-ru/2021_1_kekEnd/internal/users/repository/mock/user.go:19.24,21.3 1 0
github.com/go-park-mail-ru/2021_1_kekEnd/internal/users/repository/mock/user.go:25.101,28.2 2 0
github.com/go-park-mail-ru/2021_1_kekEnd/internal/users/repository/mock/user.go:30.93,33.2 2 0
github.com/go-park-mail-ru/2021_1_kekEnd/internal/movies/repository/localstorage/movie.go:16.48,180.2 2 0
github.com/go-park-mail-ru/2021_1_kekEnd/internal/movies/repository/localstorage/movie.go:182.74,191.2 6 0
github.com/go-park-mail-ru/2021_1_kekEnd/internal/movies/repository/localstorage/movie.go:193.82,195.13 2 0
github.com/go-park-mail-ru/2021_1_kekEnd/internal/movies/repository/localstorage/movie.go:198.2,198.19 1 0
github.com/go-park-mail-ru/2021_1_kekEnd/internal/movies/repository/localstorage/movie.go:195.13,197.3 1 0
github.com/go-park-mail-ru/2021_1_kekEnd/internal/sessions/repository/repository.go:14.61,18.2 1 0
github.com/go-park-mail-ru/2021_1_kekEnd/internal/sessions/repository/repository.go:20.95,22.16 2 0
github.com/go-park-mail-ru/2021_1_kekEnd/internal/sessions/repository/repository.go:25.2,25.12 1 0
github.com/go-park-mail-ru/2021_1_kekEnd/internal/sessions/repository/repository.go:22.16,24.3 1 0
github.com/go-park-mail-ru/2021_1_kekEnd/internal/sessions/repository/repository.go:28.65,30.16 2 0
github.com/go-park-mail-ru/2021_1_kekEnd/internal/sessions/repository/repository.go:34.2,34.20 1 0
github.com/go-park-mail-ru/2021_1_kekEnd/internal/sessions/repository/repository.go:30.16,32.3 1 0
github.com/go-park-mail-ru/2021_1_kekEnd/internal/sessions/repository/repository.go:37.58,39.16 2 0
github.com/go-park-mail-ru/2021_1_kekEnd/internal/sessions/repository/repository.go:43.2,43.12 1 0
github.com/go-park-mail-ru/2021_1_kekEnd/internal/sessions/repository/repository.go:39.16,41.3 1 0
github.com/go-park-mail-ru/2021_1_kekEnd/internal/server/app.go:38.20,46.16 3 0
github.com/go-park-mail-ru/2021_1_kekEnd/internal/server/app.go:50.2,67.3 9 0
github.com/go-park-mail-ru/2021_1_kekEnd/internal/server/app.go:46.16,48.3 1 0
github.com/go-park-mail-ru/2021_1_kekEnd/internal/server/app.go:70.40,77.79 6 0
github.com/go-park-mail-ru/2021_1_kekEnd/internal/server/app.go:91.2,108.12 7 0
github.com/go-park-mail-ru/2021_1_kekEnd/internal/server/app.go:117.2,125.33 6 0
github.com/go-park-mail-ru/2021_1_kekEnd/internal/server/app.go:77.79,89.3 1 0
github.com/go-park-mail-ru/2021_1_kekEnd/internal/server/app.go:108.12,110.17 2 0
github.com/go-park-mail-ru/2021_1_kekEnd/internal/server/app.go:110.17,112.4 1 0
github.com/go-park-mail-ru/2021_1_kekEnd/internal/sessions/delivery/delivery.go:12.49,16.2 1 1
github.com/go-park-mail-ru/2021_1_kekEnd/internal/sessions/delivery/delivery.go:18.81,20.2 1 1
github.com/go-park-mail-ru/2021_1_kekEnd/internal/sessions/delivery/delivery.go:22.62,24.2 1 1
github.com/go-park-mail-ru/2021_1_kekEnd/internal/sessions/delivery/delivery.go:26.51,28.2 1 1
github.com/go-park-mail-ru/2021_1_kekEnd/internal/users/usecase/usecase.go:13.63,17.2 1 0
github.com/go-park-mail-ru/2021_1_kekEnd/internal/users/usecase/usecase.go:19.66,21.16 2 0
github.com/go-park-mail-ru/2021_1_kekEnd/internal/users/usecase/usecase.go:24.2,24.48 1 0
github.com/go-park-mail-ru/2021_1_kekEnd/internal/users/usecase/usecase.go:21.16,23.3 1 0
github.com/go-park-mail-ru/2021_1_kekEnd/internal/users/usecase/usecase.go:27.65,29.16 2 0
github.com/go-park-mail-ru/2021_1_kekEnd/internal/users/usecase/usecase.go:32.2,33.16 2 0
github.com/go-park-mail-ru/2021_1_kekEnd/internal/users/usecase/usecase.go:36.2,36.16 1 0
github.com/go-park-mail-ru/2021_1_kekEnd/internal/users/usecase/usecase.go:29.16,31.3 1 0
github.com/go-park-mail-ru/2021_1_kekEnd/internal/users/usecase/usecase.go:33.16,35.3 1 0
github.com/go-park-mail-ru/2021_1_kekEnd/internal/users/usecase/usecase.go:39.77,41.2 1 0
github.com/go-park-mail-ru/2021_1_kekEnd/internal/users/usecase/usecase.go:43.102,45.2 1 0
github.com/go-park-mail-ru/2021_1_kekEnd/internal/sessions/repository_mock.go:26.65,30.2 3 0
github.com/go-park-mail-ru/2021_1_kekEnd/internal/sessions/repository_mock.go:33.63,35.2 1 0
github.com/go-park-mail-ru/2021_1_kekEnd/internal/sessions/repository_mock.go:38.87,43.2 4 0
github.com/go-park-mail-ru/2021_1_kekEnd/internal/sessions/repository_mock.go:46.98,49.2 2 0
github.com/go-park-mail-ru/2021_1_kekEnd/internal/sessions/repository_mock.go:52.57,57.2 4 0
github.com/go-park-mail-ru/2021_1_kekEnd/internal/sessions/repository_mock.go:60.82,63.2 2 0
github.com/go-park-mail-ru/2021_1_kekEnd/internal/sessions/repository_mock.go:66.64,72.2 5 0
github.com/go-park-mail-ru/2021_1_kekEnd/internal/sessions/repository_mock.go:75.79,78.2 2 0
github.com/go-park-mail-ru/2021_1_kekEnd/internal/sessions/usecase_mock.go:26.59,30.2 3 1
github.com/go-park-mail-ru/2021_1_kekEnd/internal/sessions/usecase_mock.go:33.57,35.2 1 1
github.com/go-park-mail-ru/2021_1_kekEnd/internal/sessions/usecase_mock.go:38.63,44.2 5 1
github.com/go-park-mail-ru/2021_1_kekEnd/internal/sessions/usecase_mock.go:47.78,50.2 2 1
github.com/go-park-mail-ru/2021_1_kekEnd/internal/sessions/usecase_mock.go:53.84,59.2 5 1
github.com/go-park-mail-ru/2021_1_kekEnd/internal/sessions/usecase_mock.go:62.85,65.2 2 1
github.com/go-park-mail-ru/2021_1_kekEnd/internal/sessions/usecase_mock.go:68.54,73.2 4 1
github.com/go-park-mail-ru/2021_1_kekEnd/internal/sessions/usecase_mock.go:76.79,79.2 2 1
github.com/go-park-mail-ru/2021_1_kekEnd/internal/movies/usecase/usecase.go:13.67,17.2 1 0
github.com/go-park-mail-ru/2021_1_kekEnd/internal/movies/usecase/usecase.go:19.71,21.16 2 0
github.com/go-park-mail-ru/2021_1_kekEnd/internal/movies/usecase/usecase.go:24.2,24.52 1 0
github.com/go-park-mail-ru/2021_1_kekEnd/internal/movies/usecase/usecase.go:21.16,23.3 1 0
github.com/go-park-mail-ru/2021_1_kekEnd/internal/movies/usecase/usecase.go:27.75,29.2 1 0
github.com/go-park-mail-ru/2021_1_kekEnd/internal/users/usecase/usecase_mock.go:12.69,15.2 2 0
github.com/go-park-mail-ru/2021_1_kekEnd/internal/users/usecase/usecase_mock.go:17.68,20.2 2 0
github.com/go-park-mail-ru/2021_1_kekEnd/internal/users/usecase/usecase_mock.go:22.80,25.2 2 0
github.com/go-park-mail-ru/2021_1_kekEnd/internal/users/usecase/usecase_mock.go:27.89,30.2 2 0
